<?xml version="1.0" encoding="UTF-8" ?>
<testsuite failures="0" time="0.133" errors="0" skipped="0" tests="2" name="com.manning.sbia.ch01.batch.DecompressTaskletTest">
  <properties>
    <property name="java.runtime.name" value="Java(TM) SE Runtime Environment"/>
    <property name="sun.boot.library.path" value="C:\apps\jdk-1.6\jre\bin"/>
    <property name="java.vm.version" value="20.45-b01"/>
    <property name="java.vm.vendor" value="Sun Microsystems Inc."/>
    <property name="java.vendor.url" value="http://java.sun.com/"/>
    <property name="path.separator" value=";"/>
    <property name="java.vm.name" value="Java HotSpot(TM) 64-Bit Server VM"/>
    <property name="file.encoding.pkg" value="sun.io"/>
    <property name="user.country" value="FR"/>
    <property name="sun.java.launcher" value="SUN_STANDARD"/>
    <property name="sun.os.patch.level" value="Service Pack 1"/>
    <property name="java.vm.specification.name" value="Java Virtual Machine Specification"/>
    <property name="user.dir" value="C:\devs\workspace\workspace_test_2014\sbia\ch01"/>
    <property name="java.runtime.version" value="1.6.0_45-b06"/>
    <property name="java.awt.graphicsenv" value="sun.awt.Win32GraphicsEnvironment"/>
    <property name="basedir" value="C:\devs\workspace\workspace_test_2014\sbia\ch01"/>
    <property name="java.endorsed.dirs" value="C:\apps\jdk-1.6\jre\lib\endorsed"/>
    <property name="os.arch" value="amd64"/>
    <property name="surefire.real.class.path" value="C:\devs\workspace\workspace_test_2014\sbia\ch01\target\surefire\surefirebooter5859093437948802152.jar"/>
    <property name="java.io.tmpdir" value="C:\Users\galloisg\AppData\Local\Temp\"/>
    <property name="line.separator" value="
"/>
    <property name="java.vm.specification.vendor" value="Sun Microsystems Inc."/>
    <property name="user.variant" value=""/>
    <property name="os.name" value="Windows 7"/>
    <property name="sun.jnu.encoding" value="Cp1252"/>
    <property name="java.library.path" value="C:\apps\jdk-1.6\jre\bin;C:\windows\Sun\Java\bin;C:\windows\system32;C:\windows;C:/apps/ORACLEJDK6/bin/../jre/bin/client;C:/apps/ORACLEJDK6/bin/../jre/bin;C:/apps/ORACLEJDK6/bin/../jre/lib/i386;C:\ProgramData\Oracle\Java\javapath;C:\windows\system32;C:\windows;C:\windows\System32\Wbem;C:\windows\System32\WindowsPowerShell\v1.0\;C:\Program Files\Symantec\Symantec Endpoint Encryption Clients\;C:\Program Files (x86)\IBM\FileNet\ContentEngine\bin;C:\Program Files\TortoiseSVN\bin;C:\Program Files\SourceGear\Common\DiffMerge\;C:\apps\Oracle\instantclient_10_2;C:\apps\nodejs\;C:\apps\play\activator-1.3.2\;C:\apps\Git\cmd;C:\Users\galloisg\AppData\Roaming\npm;C:\Users\galloisg\AppData\Local\atom\bin;C:\apps\Eclipse\eclipse4.2;;."/>
    <property name="surefire.test.class.path" value="C:\devs\workspace\workspace_test_2014\sbia\ch01\target\test-classes;C:\devs\workspace\workspace_test_2014\sbia\ch01\target\classes;C:\Users\galloisg\.m2\repository\mysql\mysql-connector-java\5.1.34\mysql-connector-java-5.1.34.jar;C:\Users\galloisg\.m2\repository\org\apache\tomcat\tomcat-jdbc\7.0.27\tomcat-jdbc-7.0.27.jar;C:\Users\galloisg\.m2\repository\org\apache\tomcat\tomcat-juli\7.0.27\tomcat-juli-7.0.27.jar;C:\Users\galloisg\.m2\repository\org\springframework\batch\spring-batch-core\2.1.9.RELEASE\spring-batch-core-2.1.9.RELEASE.jar;C:\Users\galloisg\.m2\repository\com\thoughtworks\xstream\xstream\1.3\xstream-1.3.jar;C:\Users\galloisg\.m2\repository\xpp3\xpp3_min\1.1.4c\xpp3_min-1.1.4c.jar;C:\Users\galloisg\.m2\repository\org\codehaus\jettison\jettison\1.1\jettison-1.1.jar;C:\Users\galloisg\.m2\repository\org\springframework\batch\spring-batch-infrastructure\2.1.9.RELEASE\spring-batch-infrastructure-2.1.9.RELEASE.jar;C:\Users\galloisg\.m2\repository\org\springframework\spring-core\3.1.2.RELEASE\spring-core-3.1.2.RELEASE.jar;C:\Users\galloisg\.m2\repository\org\springframework\spring-asm\3.1.2.RELEASE\spring-asm-3.1.2.RELEASE.jar;C:\Users\galloisg\.m2\repository\org\springframework\spring-beans\3.1.2.RELEASE\spring-beans-3.1.2.RELEASE.jar;C:\Users\galloisg\.m2\repository\org\springframework\spring-context\3.1.2.RELEASE\spring-context-3.1.2.RELEASE.jar;C:\Users\galloisg\.m2\repository\org\springframework\spring-aop\3.1.2.RELEASE\spring-aop-3.1.2.RELEASE.jar;C:\Users\galloisg\.m2\repository\org\springframework\spring-expression\3.1.2.RELEASE\spring-expression-3.1.2.RELEASE.jar;C:\Users\galloisg\.m2\repository\org\springframework\spring-jdbc\3.1.2.RELEASE\spring-jdbc-3.1.2.RELEASE.jar;C:\Users\galloisg\.m2\repository\org\springframework\spring-tx\3.1.2.RELEASE\spring-tx-3.1.2.RELEASE.jar;C:\Users\galloisg\.m2\repository\aopalliance\aopalliance\1.0\aopalliance-1.0.jar;C:\Users\galloisg\.m2\repository\org\slf4j\slf4j-api\1.6.1\slf4j-api-1.6.1.jar;C:\Users\galloisg\.m2\repository\org\slf4j\jcl-over-slf4j\1.6.1\jcl-over-slf4j-1.6.1.jar;C:\Users\galloisg\.m2\repository\com\h2database\h2\1.3.156\h2-1.3.156.jar;C:\Users\galloisg\.m2\repository\commons-io\commons-io\2.0.1\commons-io-2.0.1.jar;C:\Users\galloisg\.m2\repository\ch\qos\logback\logback-classic\0.9.29\logback-classic-0.9.29.jar;C:\Users\galloisg\.m2\repository\ch\qos\logback\logback-core\0.9.29\logback-core-0.9.29.jar;C:\Users\galloisg\.m2\repository\org\hibernate\hibernate-validator\4.1.0.Final\hibernate-validator-4.1.0.Final.jar;C:\Users\galloisg\.m2\repository\javax\validation\validation-api\1.0.0.GA\validation-api-1.0.0.GA.jar;C:\Users\galloisg\.m2\repository\org\springframework\spring-test\3.1.2.RELEASE\spring-test-3.1.2.RELEASE.jar;C:\Users\galloisg\.m2\repository\junit\junit\4.8.2\junit-4.8.2.jar;"/>
    <property name="java.specification.name" value="Java Platform API Specification"/>
    <property name="java.class.version" value="50.0"/>
    <property name="sun.management.compiler" value="HotSpot 64-Bit Tiered Compilers"/>
    <property name="os.version" value="6.1"/>
    <property name="user.home" value="C:\Users\galloisg"/>
    <property name="user.timezone" value=""/>
    <property name="java.awt.printerjob" value="sun.awt.windows.WPrinterJob"/>
    <property name="java.specification.version" value="1.6"/>
    <property name="file.encoding" value="Cp1252"/>
    <property name="user.name" value="galloisg"/>
    <property name="java.class.path" value="C:\devs\workspace\workspace_test_2014\sbia\ch01\target\test-classes;C:\devs\workspace\workspace_test_2014\sbia\ch01\target\classes;C:\Users\galloisg\.m2\repository\mysql\mysql-connector-java\5.1.34\mysql-connector-java-5.1.34.jar;C:\Users\galloisg\.m2\repository\org\apache\tomcat\tomcat-jdbc\7.0.27\tomcat-jdbc-7.0.27.jar;C:\Users\galloisg\.m2\repository\org\apache\tomcat\tomcat-juli\7.0.27\tomcat-juli-7.0.27.jar;C:\Users\galloisg\.m2\repository\org\springframework\batch\spring-batch-core\2.1.9.RELEASE\spring-batch-core-2.1.9.RELEASE.jar;C:\Users\galloisg\.m2\repository\com\thoughtworks\xstream\xstream\1.3\xstream-1.3.jar;C:\Users\galloisg\.m2\repository\xpp3\xpp3_min\1.1.4c\xpp3_min-1.1.4c.jar;C:\Users\galloisg\.m2\repository\org\codehaus\jettison\jettison\1.1\jettison-1.1.jar;C:\Users\galloisg\.m2\repository\org\springframework\batch\spring-batch-infrastructure\2.1.9.RELEASE\spring-batch-infrastructure-2.1.9.RELEASE.jar;C:\Users\galloisg\.m2\repository\org\springframework\spring-core\3.1.2.RELEASE\spring-core-3.1.2.RELEASE.jar;C:\Users\galloisg\.m2\repository\org\springframework\spring-asm\3.1.2.RELEASE\spring-asm-3.1.2.RELEASE.jar;C:\Users\galloisg\.m2\repository\org\springframework\spring-beans\3.1.2.RELEASE\spring-beans-3.1.2.RELEASE.jar;C:\Users\galloisg\.m2\repository\org\springframework\spring-context\3.1.2.RELEASE\spring-context-3.1.2.RELEASE.jar;C:\Users\galloisg\.m2\repository\org\springframework\spring-aop\3.1.2.RELEASE\spring-aop-3.1.2.RELEASE.jar;C:\Users\galloisg\.m2\repository\org\springframework\spring-expression\3.1.2.RELEASE\spring-expression-3.1.2.RELEASE.jar;C:\Users\galloisg\.m2\repository\org\springframework\spring-jdbc\3.1.2.RELEASE\spring-jdbc-3.1.2.RELEASE.jar;C:\Users\galloisg\.m2\repository\org\springframework\spring-tx\3.1.2.RELEASE\spring-tx-3.1.2.RELEASE.jar;C:\Users\galloisg\.m2\repository\aopalliance\aopalliance\1.0\aopalliance-1.0.jar;C:\Users\galloisg\.m2\repository\org\slf4j\slf4j-api\1.6.1\slf4j-api-1.6.1.jar;C:\Users\galloisg\.m2\repository\org\slf4j\jcl-over-slf4j\1.6.1\jcl-over-slf4j-1.6.1.jar;C:\Users\galloisg\.m2\repository\com\h2database\h2\1.3.156\h2-1.3.156.jar;C:\Users\galloisg\.m2\repository\commons-io\commons-io\2.0.1\commons-io-2.0.1.jar;C:\Users\galloisg\.m2\repository\ch\qos\logback\logback-classic\0.9.29\logback-classic-0.9.29.jar;C:\Users\galloisg\.m2\repository\ch\qos\logback\logback-core\0.9.29\logback-core-0.9.29.jar;C:\Users\galloisg\.m2\repository\org\hibernate\hibernate-validator\4.1.0.Final\hibernate-validator-4.1.0.Final.jar;C:\Users\galloisg\.m2\repository\javax\validation\validation-api\1.0.0.GA\validation-api-1.0.0.GA.jar;C:\Users\galloisg\.m2\repository\org\springframework\spring-test\3.1.2.RELEASE\spring-test-3.1.2.RELEASE.jar;C:\Users\galloisg\.m2\repository\junit\junit\4.8.2\junit-4.8.2.jar;"/>
    <property name="java.vm.specification.version" value="1.0"/>
    <property name="sun.arch.data.model" value="64"/>
    <property name="java.home" value="C:\apps\jdk-1.6\jre"/>
    <property name="sun.java.command" value="C:\devs\workspace\workspace_test_2014\sbia\ch01\target\surefire\surefirebooter5859093437948802152.jar C:\devs\workspace\workspace_test_2014\sbia\ch01\target\surefire\surefire3763411671473964778tmp C:\devs\workspace\workspace_test_2014\sbia\ch01\target\surefire\surefire6562076489967098814tmp"/>
    <property name="java.specification.vendor" value="Sun Microsystems Inc."/>
    <property name="user.language" value="fr"/>
    <property name="awt.toolkit" value="sun.awt.windows.WToolkit"/>
    <property name="java.vm.info" value="mixed mode"/>
    <property name="java.version" value="1.6.0_45"/>
    <property name="java.ext.dirs" value="C:\apps\jdk-1.6\jre\lib\ext;C:\windows\Sun\Java\lib\ext"/>
    <property name="sun.boot.class.path" value="C:\apps\jdk-1.6\jre\lib\resources.jar;C:\apps\jdk-1.6\jre\lib\rt.jar;C:\apps\jdk-1.6\jre\lib\sunrsasign.jar;C:\apps\jdk-1.6\jre\lib\jsse.jar;C:\apps\jdk-1.6\jre\lib\jce.jar;C:\apps\jdk-1.6\jre\lib\charsets.jar;C:\apps\jdk-1.6\jre\lib\modules\jdk.boot.jar;C:\apps\jdk-1.6\jre\classes"/>
    <property name="java.vendor" value="Sun Microsystems Inc."/>
    <property name="localRepository" value="C:\Users\galloisg\.m2\repository"/>
    <property name="file.separator" value="\"/>
    <property name="java.vendor.url.bug" value="http://java.sun.com/cgi-bin/bugreport.cgi"/>
    <property name="sun.cpu.endian" value="little"/>
    <property name="sun.io.unicode.encoding" value="UnicodeLittle"/>
    <property name="sun.desktop" value="windows"/>
    <property name="sun.cpu.isalist" value="amd64"/>
  </properties>
  <testcase time="0.063" classname="com.manning.sbia.ch01.batch.DecompressTaskletTest" name="execute"/>
  <testcase time="0.008" classname="com.manning.sbia.ch01.batch.DecompressTaskletTest" name="corruptedArchive"/>
</testsuite>